[2022-01-13 22:02:19] This is codeql execute queries -J-Xmx4090M --off-heap-ram=4090 --verbosity=progress --logdir=H:\Projects\C0deVari4nt\xebd_accel-ppp_cpp\xebd_accel-ppp_1b8711c\log --evaluator-log-level=1 --insecurely-execute-ml-model-checksums= --warnings=show --qlconfig-file=H:\Projects\C0deVari4nt\qlconfig.yml --no-rerun --output=H:\Projects\C0deVari4nt\xebd_accel-ppp_cpp\xebd_accel-ppp_1b8711c\results -- H:\Projects\C0deVari4nt\xebd_accel-ppp_cpp\xebd_accel-ppp_1b8711c\db-cpp vscode-codeql-starter\codeql-custom-queries-cpp\userQuery.ql
[2022-01-13 22:02:19] Calling plumbing command: codeql resolve queries --format=json -- vscode-codeql-starter\codeql-custom-queries-cpp\userQuery.ql
[2022-01-13 22:02:20] Plumbing command codeql resolve queries completed:
                      [
                        "H:\\Projects\\C0deVari4nt\\vscode-codeql-starter\\codeql-custom-queries-cpp\\userQuery.ql"
                      ]
[2022-01-13 22:02:20] Refusing fancy output: The terminal is not an xterm: 
[2022-01-13 22:02:20] Creating executor with 1 threads.
[2022-01-13 22:02:20] Calling plumbing command: codeql resolve library-path --qlconfig-file=H:\Projects\C0deVari4nt\qlconfig.yml --query=H:\Projects\C0deVari4nt\vscode-codeql-starter\codeql-custom-queries-cpp\userQuery.ql --format=json
[2022-01-13 22:02:20] [DETAILS] resolve library-path> Resolving query at normalized path H:\Projects\C0deVari4nt\vscode-codeql-starter\codeql-custom-queries-cpp\userQuery.ql.
[2022-01-13 22:02:20] [DETAILS] resolve library-path> Found enclosing pack 'getting-started/codeql-extra-queries-cpp' at H:\Projects\C0deVari4nt\vscode-codeql-starter\codeql-custom-queries-cpp.
[2022-01-13 22:02:20] [DETAILS] resolve library-path> Adding compilation cache at H:\Projects\C0deVari4nt\vscode-codeql-starter\codeql-custom-queries-cpp\.cache.
[2022-01-13 22:02:20] [DETAILS] resolve library-path> Resolving library dependencies from H:\Projects\C0deVari4nt\vscode-codeql-starter\codeql-custom-queries-cpp\qlpack.yml.
[2022-01-13 22:02:20] [DETAILS] resolve library-path> QL pack dependencies for H:\Projects\C0deVari4nt\vscode-codeql-starter\codeql-custom-queries-cpp resolved OK.
[2022-01-13 22:02:20] [DETAILS] resolve library-path> Found dbscheme through QL packs: H:\Projects\C0deVari4nt\vscode-codeql-starter\ql\cpp\ql\lib\semmlecode.cpp.dbscheme.
[2022-01-13 22:02:20] Plumbing command codeql resolve library-path completed:
                      {
                        "libraryPath" : [
                          "H:\\Projects\\C0deVari4nt\\vscode-codeql-starter\\codeql-custom-queries-cpp",
                          "H:\\Projects\\C0deVari4nt\\vscode-codeql-starter\\ql\\cpp\\ql\\lib",
                          "H:\\Projects\\C0deVari4nt\\vscode-codeql-starter\\ql\\cpp\\upgrades"
                        ],
                        "dbscheme" : "H:\\Projects\\C0deVari4nt\\vscode-codeql-starter\\ql\\cpp\\ql\\lib\\semmlecode.cpp.dbscheme",
                        "compilationCache" : [
                          "H:\\Projects\\C0deVari4nt\\vscode-codeql-starter\\codeql-custom-queries-cpp\\.cache"
                        ],
                        "relativeName" : "getting-started\\codeql-extra-queries-cpp\\userQuery.ql",
                        "qlPackName" : "getting-started/codeql-extra-queries-cpp"
                      }
[2022-01-13 22:02:20] [PROGRESS] execute queries> [1/1] No need to rerun H:\Projects\C0deVari4nt\vscode-codeql-starter\codeql-custom-queries-cpp\userQuery.ql.
[2022-01-13 22:02:20] [PROGRESS] execute queries> Shutting down query evaluator.
[2022-01-13 22:02:20] Sequence stamp origin is -6501195186113434889
[2022-01-13 22:02:20] Pausing evaluation to close the cache at sequence stamp o+0
[2022-01-13 22:02:20] The disk cache is freshly trimmed; leave it be.
[2022-01-13 22:02:20] Unpausing evaluation
[2022-01-13 22:02:20] Terminating normally.
